Release 14.6 Map P.68d (nt64)
Xilinx Mapping Report File for Design 'CPU'

Design Information
------------------
Command Line   : map -intstyle ise -p xc3s1200e-fg320-4 -cm area -ir off -pr off
-c 100 -smartguide D:/ISE/ExcitedCPU/CPU_guide.ncd -o CPU_map.ncd CPU.ngd
CPU.pcf 
Target Device  : xc3s1200e
Target Package : fg320
Target Speed   : -4
Mapper Version : spartan3e -- $Revision: 1.55 $
Mapped Date    : Mon Dec 08 12:23:58 2014

Design Summary
--------------
Number of errors:      0
Number of warnings:   13
Logic Utilization:
  Total Number Slice Registers:         786 out of  17,344    4%
    Number used as Flip Flops:          712
    Number used as Latches:              74
  Number of 4 input LUTs:             2,244 out of  17,344   12%
Logic Distribution:
  Number of occupied Slices:          1,559 out of   8,672   17%
    Number of Slices containing only related logic:   1,559 out of   1,559 100%
    Number of Slices containing unrelated logic:          0 out of   1,559   0%
      *See NOTES below for an explanation of the effects of unrelated logic.
  Total Number of 4 input LUTs:       2,375 out of  17,344   13%
    Number used as logic:             2,242
    Number used as a route-thru:        131
    Number used as Shift registers:       2

  The Slice Logic Distribution report is not meaningful if the design is
  over-mapped for a non-slice resource or if Placement fails.

  Number of bonded IOBs:                168 out of     250   67%
    IOB Latches:                          5
  Number of RAMB16s:                      3 out of      28   10%
  Number of BUFGMUXs:                     5 out of      24   20%

Average Fanout of Non-Clock Nets:                3.84

Peak Memory Usage:  394 MB
Total REAL time to MAP completion:  16 secs 
Total CPU time to MAP completion:   16 secs 

Table of Contents
-----------------
Section 1 - Errors
Section 2 - Warnings
Section 3 - Informational
Section 4 - Removed Logic Summary
Section 5 - Removed Logic
Section 6 - IOB Properties
Section 7 - RPMs
Section 8 - Guide Report
Section 9 - Area Group and Partition Summary
Section 10 - Timing Report
Section 11 - Configuration String Information
Section 12 - Control Set Information
Section 13 - Utilization by Hierarchy

Section 1 - Errors
------------------

Section 2 - Warnings
--------------------
WARNING:Map:120 - The command line option -c can not be used when running in
   timing mode.  The option will be ignored.
WARNING:Pack:2609 - SmartGuide is more efficient (better guiding and runtime)
   when used with explicit timing constraints. If you want the full benefit of
   the SmartGuide flow, please add timing constraints to your design, then
   re-create your guide file.
WARNING:PhysDesignRules:372 - Gated clock. Clock net uram1/ram1_oe_not0001 is
   sourced by a combinatorial pin. This is not good design practice. Use the CE
   pin to control the loading of data into the flip-flop.
WARNING:PhysDesignRules:372 - Gated clock. Clock net uram1/port_oe_not0001 is
   sourced by a combinatorial pin. This is not good design practice. Use the CE
   pin to control the loading of data into the flip-flop.
WARNING:PhysDesignRules:372 - Gated clock. Clock net uram1/temp_data_0_not0001
   is sourced by a combinatorial pin. This is not good design practice. Use the
   CE pin to control the loading of data into the flip-flop.
WARNING:PhysDesignRules:372 - Gated clock. Clock net
   ucontroller/IMM_5_cmp_eq0000 is sourced by a combinatorial pin. This is not
   good design practice. Use the CE pin to control the loading of data into the
   flip-flop.
WARNING:PhysDesignRules:372 - Gated clock. Clock net ucontroller/IMM_11_not0001
   is sourced by a combinatorial pin. This is not good design practice. Use the
   CE pin to control the loading of data into the flip-flop.
WARNING:PhysDesignRules:372 - Gated clock. Clock net
   ucontroller/IMM_12_cmp_eq0000 is sourced by a combinatorial pin. This is not
   good design practice. Use the CE pin to control the loading of data into the
   flip-flop.
WARNING:PhysDesignRules:372 - Gated clock. Clock net ucomparator/Jump_and0000 is
   sourced by a combinatorial pin. This is not good design practice. Use the CE
   pin to control the loading of data into the flip-flop.
WARNING:PhysDesignRules:372 - Gated clock. Clock net ucontroller/IMM_8_not0001
   is sourced by a combinatorial pin. This is not good design practice. Use the
   CE pin to control the loading of data into the flip-flop.
WARNING:PhysDesignRules:372 - Gated clock. Clock net uram1/ram1_en_not0001 is
   sourced by a combinatorial pin. This is not good design practice. Use the CE
   pin to control the loading of data into the flip-flop.
WARNING:PhysDesignRules:367 - The signal <debug_input<14>_IBUF> is incomplete.
   The signal does not drive any load pins in the design.
WARNING:PhysDesignRules:367 - The signal <debug_input<15>_IBUF> is incomplete.
   The signal does not drive any load pins in the design.

Section 3 - Informational
-------------------------
INFO:Map:192 - SmartGuide automatically enables -timing. If SmartGuide is
   disabled, -timing should be enabled if the resulting design will be used as a
   guide file during a later run.
INFO:LIT:243 - Logical network debug_input<0> has no load.
INFO:LIT:395 - The above info message is repeated 2 more times for the following
   (max. 5 shown):
   debug_input<15>_IBUF,
   debug_input<14>_IBUF
   To see the details of these info messages, please use the -detail switch.
INFO:MapLib:562 - No environment variables are currently set.
INFO:MapLib:980 - The following NGM file is used during SmartGuide:
   "D:\ISE\ExcitedCPU\CPU_map.ngm". The NGM file contains information on how the
   guide file was originally mapped. It is required for the best SmartGuide
   results.
INFO:LIT:244 - All of the single ended outputs in this design are using slew
   rate limited output drivers. The delay on speed critical single ended outputs
   can be dramatically reduced by designating them as fast outputs.
INFO:Pack:1650 - Map created a placed design.

Section 4 - Removed Logic Summary
---------------------------------
  16 block(s) removed
   6 block(s) optimized away

Section 5 - Removed Logic
-------------------------
Unused block "flash_data_0_IOBUF/OBUFT" (TRI) removed.
Unused block "flash_data_10_IOBUF/OBUFT" (TRI) removed.
Unused block "flash_data_11_IOBUF/OBUFT" (TRI) removed.
Unused block "flash_data_12_IOBUF/OBUFT" (TRI) removed.
Unused block "flash_data_13_IOBUF/OBUFT" (TRI) removed.
Unused block "flash_data_14_IOBUF/OBUFT" (TRI) removed.
Unused block "flash_data_15_IOBUF/OBUFT" (TRI) removed.
Unused block "flash_data_1_IOBUF/OBUFT" (TRI) removed.
Unused block "flash_data_2_IOBUF/OBUFT" (TRI) removed.
Unused block "flash_data_3_IOBUF/OBUFT" (TRI) removed.
Unused block "flash_data_4_IOBUF/OBUFT" (TRI) removed.
Unused block "flash_data_5_IOBUF/OBUFT" (TRI) removed.
Unused block "flash_data_6_IOBUF/OBUFT" (TRI) removed.
Unused block "flash_data_7_IOBUF/OBUFT" (TRI) removed.
Unused block "flash_data_8_IOBUF/OBUFT" (TRI) removed.
Unused block "flash_data_9_IOBUF/OBUFT" (TRI) removed.

Optimized Block(s):
TYPE 		BLOCK
GND 		XST_GND
VCC 		XST_VCC
GND 		uram1/uvga/uTextGen/uvideo_ram/XST_GND
VCC 		uram1/uvga/uTextGen/uvideo_ram/XST_VCC

To enable printing of redundant blocks removed and signals merged, set the
detailed map report option and rerun map.

Section 6 - IOB Properties
--------------------------

+---------------------------------------------------------------------------------------------------------------------------------------------------------+
| IOB Name                           | Type             | Direction | IO Standard          | Diff  | Drive    | Slew | Reg (s)      | Resistor | IOB      |
|                                    |                  |           |                      | Term  | Strength | Rate |              |          | Delay    |
+---------------------------------------------------------------------------------------------------------------------------------------------------------+
| MemAddrM<0>                        | IOB              | OUTPUT    | LVCMOS25             |       | 12       | SLOW |              |          | 0 / 0    |
| MemAddrM<1>                        | IOB              | OUTPUT    | LVCMOS25             |       | 12       | SLOW |              |          | 0 / 0    |
| MemAddrM<2>                        | IOB              | OUTPUT    | LVCMOS25             |       | 12       | SLOW |              |          | 0 / 0    |
| MemAddrM<3>                        | IOB              | OUTPUT    | LVCMOS25             |       | 12       | SLOW |              |          | 0 / 0    |
| MemAddrM<4>                        | IOB              | OUTPUT    | LVCMOS25             |       | 12       | SLOW |              |          | 0 / 0    |
| MemAddrM<5>                        | IOB              | OUTPUT    | LVCMOS25             |       | 12       | SLOW |              |          | 0 / 0    |
| MemAddrM<6>                        | IOB              | OUTPUT    | LVCMOS25             |       | 12       | SLOW |              |          | 0 / 0    |
| MemAddrM<7>                        | IOB              | OUTPUT    | LVCMOS25             |       | 12       | SLOW |              |          | 0 / 0    |
| MemAddrM<8>                        | IOB              | OUTPUT    | LVCMOS25             |       | 12       | SLOW |              |          | 0 / 0    |
| MemAddrM<9>                        | IOB              | OUTPUT    | LVCMOS25             |       | 12       | SLOW |              |          | 0 / 0    |
| MemAddrM<10>                       | IOB              | OUTPUT    | LVCMOS25             |       | 12       | SLOW |              |          | 0 / 0    |
| MemAddrM<11>                       | IOB              | OUTPUT    | LVCMOS25             |       | 12       | SLOW |              |          | 0 / 0    |
| MemAddrM<12>                       | IOB              | OUTPUT    | LVCMOS25             |       | 12       | SLOW |              |          | 0 / 0    |
| MemAddrM<13>                       | IOB              | OUTPUT    | LVCMOS25             |       | 12       | SLOW |              |          | 0 / 0    |
| MemAddrM<14>                       | IOB              | OUTPUT    | LVCMOS25             |       | 12       | SLOW |              |          | 0 / 0    |
| MemAddrM<15>                       | IOB              | OUTPUT    | LVCMOS25             |       | 12       | SLOW |              |          | 0 / 0    |
| RAM2_Addr<0>                       | IOB              | OUTPUT    | LVCMOS25             |       | 12       | SLOW |              |          | 0 / 0    |
| RAM2_Addr<1>                       | IOB              | OUTPUT    | LVCMOS25             |       | 12       | SLOW |              |          | 0 / 0    |
| RAM2_Addr<2>                       | IOB              | OUTPUT    | LVCMOS25             |       | 12       | SLOW |              |          | 0 / 0    |
| RAM2_Addr<3>                       | IOB              | OUTPUT    | LVCMOS25             |       | 12       | SLOW |              |          | 0 / 0    |
| RAM2_Addr<4>                       | IOB              | OUTPUT    | LVCMOS25             |       | 12       | SLOW |              |          | 0 / 0    |
| RAM2_Addr<5>                       | IOB              | OUTPUT    | LVCMOS25             |       | 12       | SLOW |              |          | 0 / 0    |
| RAM2_Addr<6>                       | IOB              | OUTPUT    | LVCMOS25             |       | 12       | SLOW |              |          | 0 / 0    |
| RAM2_Addr<7>                       | IOB              | OUTPUT    | LVCMOS25             |       | 12       | SLOW |              |          | 0 / 0    |
| RAM2_Addr<8>                       | IOB              | OUTPUT    | LVCMOS25             |       | 12       | SLOW |              |          | 0 / 0    |
| RAM2_Addr<9>                       | IOB              | OUTPUT    | LVCMOS25             |       | 12       | SLOW |              |          | 0 / 0    |
| RAM2_Addr<10>                      | IOB              | OUTPUT    | LVCMOS25             |       | 12       | SLOW |              |          | 0 / 0    |
| RAM2_Addr<11>                      | IOB              | OUTPUT    | LVCMOS25             |       | 12       | SLOW |              |          | 0 / 0    |
| RAM2_Addr<12>                      | IOB              | OUTPUT    | LVCMOS25             |       | 12       | SLOW |              |          | 0 / 0    |
| RAM2_Addr<13>                      | IOB              | OUTPUT    | LVCMOS25             |       | 12       | SLOW |              |          | 0 / 0    |
| RAM2_Addr<14>                      | IOB              | OUTPUT    | LVCMOS25             |       | 12       | SLOW |              |          | 0 / 0    |
| RAM2_Addr<15>                      | IOB              | OUTPUT    | LVCMOS25             |       | 12       | SLOW |              |          | 0 / 0    |
| RAM2_Data<0>                       | IOB              | BIDIR     | LVCMOS25             |       | 12       | SLOW |              |          | 0 / 0    |
| RAM2_Data<1>                       | IOB              | BIDIR     | LVCMOS25             |       | 12       | SLOW |              |          | 0 / 0    |
| RAM2_Data<2>                       | IOB              | BIDIR     | LVCMOS25             |       | 12       | SLOW |              |          | 0 / 0    |
| RAM2_Data<3>                       | IOB              | BIDIR     | LVCMOS25             |       | 12       | SLOW |              |          | 0 / 0    |
| RAM2_Data<4>                       | IOB              | BIDIR     | LVCMOS25             |       | 12       | SLOW |              |          | 0 / 0    |
| RAM2_Data<5>                       | IOB              | BIDIR     | LVCMOS25             |       | 12       | SLOW |              |          | 0 / 0    |
| RAM2_Data<6>                       | IOB              | BIDIR     | LVCMOS25             |       | 12       | SLOW |              |          | 0 / 0    |
| RAM2_Data<7>                       | IOB              | BIDIR     | LVCMOS25             |       | 12       | SLOW |              |          | 0 / 0    |
| RAM2_Data<8>                       | IOB              | BIDIR     | LVCMOS25             |       | 12       | SLOW |              |          | 0 / 0    |
| RAM2_Data<9>                       | IOB              | BIDIR     | LVCMOS25             |       | 12       | SLOW |              |          | 0 / 0    |
| RAM2_Data<10>                      | IOB              | BIDIR     | LVCMOS25             |       | 12       | SLOW |              |          | 0 / 0    |
| RAM2_Data<11>                      | IOB              | BIDIR     | LVCMOS25             |       | 12       | SLOW |              |          | 0 / 0    |
| RAM2_Data<12>                      | IOB              | BIDIR     | LVCMOS25             |       | 12       | SLOW |              |          | 0 / 0    |
| RAM2_Data<13>                      | IOB              | BIDIR     | LVCMOS25             |       | 12       | SLOW |              |          | 0 / 0    |
| RAM2_Data<14>                      | IOB              | BIDIR     | LVCMOS25             |       | 12       | SLOW |              |          | 0 / 0    |
| RAM2_Data<15>                      | IOB              | BIDIR     | LVCMOS25             |       | 12       | SLOW |              |          | 0 / 0    |
| RAM2_EN                            | IOB              | OUTPUT    | LVCMOS25             |       | 12       | SLOW |              |          | 0 / 0    |
| RAM2_OE                            | IOB              | OUTPUT    | LVCMOS25             |       | 12       | SLOW |              |          | 0 / 0    |
| RAM2_WE                            | IOB              | OUTPUT    | LVCMOS25             |       | 12       | SLOW |              |          | 0 / 0    |
| Ram1DataM<0>                       | IOB              | BIDIR     | LVCMOS25             |       | 12       | SLOW |              |          | 0 / 0    |
| Ram1DataM<1>                       | IOB              | BIDIR     | LVCMOS25             |       | 12       | SLOW |              |          | 0 / 0    |
| Ram1DataM<2>                       | IOB              | BIDIR     | LVCMOS25             |       | 12       | SLOW |              |          | 0 / 0    |
| Ram1DataM<3>                       | IOB              | BIDIR     | LVCMOS25             |       | 12       | SLOW |              |          | 0 / 0    |
| Ram1DataM<4>                       | IOB              | BIDIR     | LVCMOS25             |       | 12       | SLOW |              |          | 0 / 0    |
| Ram1DataM<5>                       | IOB              | BIDIR     | LVCMOS25             |       | 12       | SLOW |              |          | 0 / 0    |
| Ram1DataM<6>                       | IOB              | BIDIR     | LVCMOS25             |       | 12       | SLOW |              |          | 0 / 0    |
| Ram1DataM<7>                       | IOB              | BIDIR     | LVCMOS25             |       | 12       | SLOW |              |          | 0 / 0    |
| Ram1DataM<8>                       | IOB              | BIDIR     | LVCMOS25             |       | 12       | SLOW |              |          | 0 / 0    |
| Ram1DataM<9>                       | IOB              | BIDIR     | LVCMOS25             |       | 12       | SLOW |              |          | 0 / 0    |
| Ram1DataM<10>                      | IOB              | BIDIR     | LVCMOS25             |       | 12       | SLOW |              |          | 0 / 0    |
| Ram1DataM<11>                      | IOB              | BIDIR     | LVCMOS25             |       | 12       | SLOW |              |          | 0 / 0    |
| Ram1DataM<12>                      | IOB              | BIDIR     | LVCMOS25             |       | 12       | SLOW |              |          | 0 / 0    |
| Ram1DataM<13>                      | IOB              | BIDIR     | LVCMOS25             |       | 12       | SLOW |              |          | 0 / 0    |
| Ram1DataM<14>                      | IOB              | BIDIR     | LVCMOS25             |       | 12       | SLOW |              |          | 0 / 0    |
| Ram1DataM<15>                      | IOB              | BIDIR     | LVCMOS25             |       | 12       | SLOW |              |          | 0 / 0    |
| boot_enable                        | IBUF             | INPUT     | LVCMOS25             |       |          |      |              |          | 0 / 0    |
| bootstart                          | IBUF             | INPUT     | LVCMOS25             |       |          |      |              |          | 0 / 0    |
| clk_ori                            | IBUF             | INPUT     | LVCMOS25             |       |          |      |              |          | 0 / 0    |
| data_ready                         | IBUF             | INPUT     | LVCMOS25             |       |          |      |              |          | 0 / 0    |
| debug_input<1>                     | IBUF             | INPUT     | LVCMOS25             |       |          |      |              |          | 0 / 0    |
| debug_input<2>                     | IBUF             | INPUT     | LVCMOS25             |       |          |      |              |          | 0 / 0    |
| debug_input<3>                     | IBUF             | INPUT     | LVCMOS25             |       |          |      |              |          | 0 / 0    |
| debug_input<4>                     | IBUF             | INPUT     | LVCMOS25             |       |          |      |              |          | 0 / 0    |
| debug_input<5>                     | IBUF             | INPUT     | LVCMOS25             |       |          |      |              |          | 0 / 0    |
| debug_input<6>                     | IBUF             | INPUT     | LVCMOS25             |       |          |      |              |          | 0 / 0    |
| debug_input<7>                     | IBUF             | INPUT     | LVCMOS25             |       |          |      |              |          | 0 / 0    |
| debug_input<8>                     | IBUF             | INPUT     | LVCMOS25             |       |          |      |              |          | 0 / 0    |
| debug_input<9>                     | IBUF             | INPUT     | LVCMOS25             |       |          |      |              |          | 0 / 0    |
| debug_input<10>                    | IBUF             | INPUT     | LVCMOS25             |       |          |      |              |          | 0 / 0    |
| debug_input<11>                    | IBUF             | INPUT     | LVCMOS25             |       |          |      |              |          | 0 / 0    |
| debug_input<12>                    | IBUF             | INPUT     | LVCMOS25             |       |          |      |              |          | 0 / 0    |
| debug_input<13>                    | IBUF             | INPUT     | LVCMOS25             |       |          |      |              |          | 0 / 0    |
| debug_input<14>                    | IBUF             | INPUT     | LVCMOS25             |       |          |      |              |          | 0 / 0    |
| debug_input<15>                    | IBUF             | INPUT     | LVCMOS25             |       |          |      |              |          | 0 / 0    |
| debug_pc<0>                        | IOB              | OUTPUT    | LVCMOS25             |       | 12       | SLOW |              |          | 0 / 0    |
| debug_pc<1>                        | IOB              | OUTPUT    | LVCMOS25             |       | 12       | SLOW |              |          | 0 / 0    |
| debug_pc<2>                        | IOB              | OUTPUT    | LVCMOS25             |       | 12       | SLOW |              |          | 0 / 0    |
| debug_pc<3>                        | IOB              | OUTPUT    | LVCMOS25             |       | 12       | SLOW |              |          | 0 / 0    |
| debug_pc<4>                        | IOB              | OUTPUT    | LVCMOS25             |       | 12       | SLOW |              |          | 0 / 0    |
| debug_pc<5>                        | IOB              | OUTPUT    | LVCMOS25             |       | 12       | SLOW |              |          | 0 / 0    |
| debug_pc<6>                        | IOB              | OUTPUT    | LVCMOS25             |       | 12       | SLOW |              |          | 0 / 0    |
| debug_pc<7>                        | IOB              | OUTPUT    | LVCMOS25             |       | 12       | SLOW |              |          | 0 / 0    |
| debug_pc<8>                        | IOB              | OUTPUT    | LVCMOS25             |       | 12       | SLOW |              |          | 0 / 0    |
| debug_pc<9>                        | IOB              | OUTPUT    | LVCMOS25             |       | 12       | SLOW |              |          | 0 / 0    |
| debug_pc<10>                       | IOB              | OUTPUT    | LVCMOS25             |       | 12       | SLOW |              |          | 0 / 0    |
| debug_pc<11>                       | IOB              | OUTPUT    | LVCMOS25             |       | 12       | SLOW |              |          | 0 / 0    |
| debug_pc<12>                       | IOB              | OUTPUT    | LVCMOS25             |       | 12       | SLOW |              |          | 0 / 0    |
| debug_pc<13>                       | IOB              | OUTPUT    | LVCMOS25             |       | 12       | SLOW |              |          | 0 / 0    |
| debug_pc<14>                       | IOB              | OUTPUT    | LVCMOS25             |       | 12       | SLOW |              |          | 0 / 0    |
| debug_pc<15>                       | IOB              | OUTPUT    | LVCMOS25             |       | 12       | SLOW |              |          | 0 / 0    |
| flash_addr<0>                      | IOB              | OUTPUT    | LVCMOS25             |       | 12       | SLOW |              |          | 0 / 0    |
| flash_addr<1>                      | IOB              | OUTPUT    | LVCMOS25             |       | 12       | SLOW |              |          | 0 / 0    |
| flash_addr<2>                      | IOB              | OUTPUT    | LVCMOS25             |       | 12       | SLOW |              |          | 0 / 0    |
| flash_addr<3>                      | IOB              | OUTPUT    | LVCMOS25             |       | 12       | SLOW |              |          | 0 / 0    |
| flash_addr<4>                      | IOB              | OUTPUT    | LVCMOS25             |       | 12       | SLOW |              |          | 0 / 0    |
| flash_addr<5>                      | IOB              | OUTPUT    | LVCMOS25             |       | 12       | SLOW |              |          | 0 / 0    |
| flash_addr<6>                      | IOB              | OUTPUT    | LVCMOS25             |       | 12       | SLOW |              |          | 0 / 0    |
| flash_addr<7>                      | IOB              | OUTPUT    | LVCMOS25             |       | 12       | SLOW |              |          | 0 / 0    |
| flash_addr<8>                      | IOB              | OUTPUT    | LVCMOS25             |       | 12       | SLOW |              |          | 0 / 0    |
| flash_addr<9>                      | IOB              | OUTPUT    | LVCMOS25             |       | 12       | SLOW |              |          | 0 / 0    |
| flash_addr<10>                     | IOB              | OUTPUT    | LVCMOS25             |       | 12       | SLOW |              |          | 0 / 0    |
| flash_addr<11>                     | IOB              | OUTPUT    | LVCMOS25             |       | 12       | SLOW |              |          | 0 / 0    |
| flash_addr<12>                     | IOB              | OUTPUT    | LVCMOS25             |       | 12       | SLOW |              |          | 0 / 0    |
| flash_addr<13>                     | IOB              | OUTPUT    | LVCMOS25             |       | 12       | SLOW |              |          | 0 / 0    |
| flash_addr<14>                     | IOB              | OUTPUT    | LVCMOS25             |       | 12       | SLOW |              |          | 0 / 0    |
| flash_addr<15>                     | IOB              | OUTPUT    | LVCMOS25             |       | 12       | SLOW |              |          | 0 / 0    |
| flash_addr<16>                     | IOB              | OUTPUT    | LVCMOS25             |       | 12       | SLOW |              |          | 0 / 0    |
| flash_addr<17>                     | IOB              | OUTPUT    | LVCMOS25             |       | 12       | SLOW |              |          | 0 / 0    |
| flash_addr<18>                     | IOB              | OUTPUT    | LVCMOS25             |       | 12       | SLOW |              |          | 0 / 0    |
| flash_addr<19>                     | IOB              | OUTPUT    | LVCMOS25             |       | 12       | SLOW |              |          | 0 / 0    |
| flash_addr<20>                     | IOB              | OUTPUT    | LVCMOS25             |       | 12       | SLOW |              |          | 0 / 0    |
| flash_addr<21>                     | IOB              | OUTPUT    | LVCMOS25             |       | 12       | SLOW |              |          | 0 / 0    |
| flash_byte                         | IOB              | OUTPUT    | LVCMOS25             |       | 12       | SLOW |              |          | 0 / 0    |
| flash_ce                           | IOB              | OUTPUT    | LVCMOS25             |       | 12       | SLOW |              |          | 0 / 0    |
| flash_data<0>                      | IBUF             | INPUT     | LVCMOS25             |       |          |      |              |          | 0 / 0    |
| flash_data<1>                      | IBUF             | INPUT     | LVCMOS25             |       |          |      |              |          | 0 / 0    |
| flash_data<2>                      | IBUF             | INPUT     | LVCMOS25             |       |          |      |              |          | 0 / 0    |
| flash_data<3>                      | IBUF             | INPUT     | LVCMOS25             |       |          |      |              |          | 0 / 0    |
| flash_data<4>                      | IBUF             | INPUT     | LVCMOS25             |       |          |      |              |          | 0 / 0    |
| flash_data<5>                      | IBUF             | INPUT     | LVCMOS25             |       |          |      |              |          | 0 / 0    |
| flash_data<6>                      | IBUF             | INPUT     | LVCMOS25             |       |          |      |              |          | 0 / 0    |
| flash_data<7>                      | IBUF             | INPUT     | LVCMOS25             |       |          |      |              |          | 0 / 0    |
| flash_data<8>                      | IBUF             | INPUT     | LVCMOS25             |       |          |      |              |          | 0 / 0    |
| flash_data<9>                      | IBUF             | INPUT     | LVCMOS25             |       |          |      |              |          | 0 / 0    |
| flash_data<10>                     | IBUF             | INPUT     | LVCMOS25             |       |          |      |              |          | 0 / 0    |
| flash_data<11>                     | IBUF             | INPUT     | LVCMOS25             |       |          |      |              |          | 0 / 0    |
| flash_data<12>                     | IBUF             | INPUT     | LVCMOS25             |       |          |      |              |          | 0 / 0    |
| flash_data<13>                     | IBUF             | INPUT     | LVCMOS25             |       |          |      |              |          | 0 / 0    |
| flash_data<14>                     | IBUF             | INPUT     | LVCMOS25             |       |          |      |              |          | 0 / 0    |
| flash_data<15>                     | IBUF             | INPUT     | LVCMOS25             |       |          |      |              |          | 0 / 0    |
| flash_oe                           | IOB              | OUTPUT    | LVCMOS25             |       | 12       | SLOW |              |          | 0 / 0    |
| flash_rp                           | IOB              | OUTPUT    | LVCMOS25             |       | 12       | SLOW |              |          | 0 / 0    |
| flash_vpen                         | IOB              | OUTPUT    | LVCMOS25             |       | 12       | SLOW |              |          | 0 / 0    |
| flash_we                           | IOB              | OUTPUT    | LVCMOS25             |       | 12       | SLOW |              |          | 0 / 0    |
| out_ter                            | IBUF             | INPUT     | LVCMOS25             |       |          |      |              |          | 0 / 0    |
| port_oe                            | IOB              | OUTPUT    | LVCMOS25             |       | 12       | SLOW | OFF1         |          | 0 / 0    |
| port_we                            | IOB              | OUTPUT    | LVCMOS25             |       | 12       | SLOW | OFF1         |          | 0 / 0    |
| ps2_clk                            | IBUF             | INPUT     | LVCMOS25             |       |          |      |              |          | 0 / 0    |
| ps2_data                           | IBUF             | INPUT     | LVCMOS25             |       |          |      |              |          | 0 / 0    |
| ram1_en                            | IOB              | OUTPUT    | LVCMOS25             |       | 12       | SLOW | OFF2         |          | 0 / 0    |
| ram1_oe                            | IOB              | OUTPUT    | LVCMOS25             |       | 12       | SLOW | OFF1         |          | 0 / 0    |
| ram1_we                            | IOB              | OUTPUT    | LVCMOS25             |       | 12       | SLOW | OFF1         |          | 0 / 0    |
| rst_ori                            | IBUF             | INPUT     | LVCMOS25             |       |          |      |              |          | 0 / 0    |
| tbre                               | IBUF             | INPUT     | LVCMOS25             |       |          |      |              |          | 0 / 0    |
| tsre                               | IBUF             | INPUT     | LVCMOS25             |       |          |      |              |          | 0 / 0    |
| vga_b<0>                           | IOB              | OUTPUT    | LVCMOS25             |       | 12       | SLOW |              |          | 0 / 0    |
| vga_b<1>                           | IOB              | OUTPUT    | LVCMOS25             |       | 12       | SLOW |              |          | 0 / 0    |
| vga_b<2>                           | IOB              | OUTPUT    | LVCMOS25             |       | 12       | SLOW |              |          | 0 / 0    |
| vga_g<0>                           | IOB              | OUTPUT    | LVCMOS25             |       | 12       | SLOW |              |          | 0 / 0    |
| vga_g<1>                           | IOB              | OUTPUT    | LVCMOS25             |       | 12       | SLOW |              |          | 0 / 0    |
| vga_g<2>                           | IOB              | OUTPUT    | LVCMOS25             |       | 12       | SLOW |              |          | 0 / 0    |
| vga_h_sync                         | IOB              | OUTPUT    | LVCMOS25             |       | 12       | SLOW |              |          | 0 / 0    |
| vga_r<0>                           | IOB              | OUTPUT    | LVCMOS25             |       | 12       | SLOW |              |          | 0 / 0    |
| vga_r<1>                           | IOB              | OUTPUT    | LVCMOS25             |       | 12       | SLOW |              |          | 0 / 0    |
| vga_r<2>                           | IOB              | OUTPUT    | LVCMOS25             |       | 12       | SLOW |              |          | 0 / 0    |
| vga_v_sync                         | IOB              | OUTPUT    | LVCMOS25             |       | 12       | SLOW |              |          | 0 / 0    |
+---------------------------------------------------------------------------------------------------------------------------------------------------------+

Section 7 - RPMs
----------------

Section 8 - Guide Report
------------------------

Mon Dec 08 12:24:13 2014

  Estimated SmartGuide Results
  ----------------------------
  This section describes the guide results after placement. Re-implemented 
  components are components that were guided, but moved in order to satisfy
  timing requirements.

    Estimated Percentage of guided Components                 | 100.0%
    Estimated Percentage of re-implemented Components         |   0.0%
    Estimated Percentage of new/changed Components            |   0.0%
    Estimated Percentage of fully guided Nets                 |  99.9%
    Estimated Percentage of partially guided or unrouted Nets |   0.1%

  A detailed SmartGuide report (.GRF) can be generated during PAR by
  specifying the [-smartguide <guidefile[.ncd]>] switch on the PAR
  command line. The GRF file contains all components and nets that were
  not guided. A final summary report is always generated and is available
  in the PAR report file and in the GRF regardless of the PAR -smartguide switch.


Section 9 - Area Group and Partition Summary
--------------------------------------------

Partition Implementation Status
-------------------------------

  No Partitions were found in this design.

-------------------------------

Area Group Information
----------------------

  No area groups were found in this design.

----------------------

Section 10 - Timing Report
--------------------------
A logic-level (pre-route) timing report can be generated by using Xilinx static
timing analysis tools, Timing Analyzer (GUI) or TRCE (command line), with the
mapped NCD and PCF files. Please note that this timing report will be generated
using estimated delay information. For accurate numbers, please generate a
timing report with the post Place and Route NCD file.

For more information about the Timing Analyzer, consult the Xilinx Timing
Analyzer Reference Manual; for more information about TRCE, consult the Xilinx
Command Line Tools User Guide "TRACE" chapter.

Section 11 - Configuration String Details
-----------------------------------------
Use the "-detail" map option to print out Configuration Strings

Section 12 - Control Set Information
------------------------------------
No control set information for this architecture.

Section 13 - Utilization by Hierarchy
-------------------------------------
Use the "-detail" map option to print out the Utilization by Hierarchy section.
